# JRE version: OpenJDK Runtime Environment (11.0.10) (build 11.0.10+0-b96-7249189)
# Java VM: OpenJDK 64-Bit Server VM (11.0.10+0-b96-7249189, mixed mode, tiered, compressed oops, g1 gc, windows-amd64)
Heap:
 garbage-first heap   total 189440K, used 53935K [0x0000000080000000, 0x0000000100000000)
  region size 1024K, 32 young (32768K), 8 survivors (8192K)
 Metaspace       used 47250K, capacity 48440K, committed 48512K, reserved 1091584K
  class space    used 6034K, capacity 6469K, committed 6528K, reserved 1048576K
GC Heap History (20 events):
Event: 1.181 GC heap before
{Heap before GC invocations=0 (full 0):
 garbage-first heap   total 131072K, used 19456K [0x0000000080000000, 0x0000000100000000)
  region size 1024K, 14 young (14336K), 0 survivors (0K)
 Metaspace       used 6769K, capacity 7001K, committed 7168K, reserved 1056768K
  class space    used 584K, capacity 650K, committed 768K, reserved 1048576K
}
Event: 1.195 GC heap after
{Heap after GC invocations=1 (full 0):
 garbage-first heap   total 131072K, used 7879K [0x0000000080000000, 0x0000000100000000)
  region size 1024K, 2 young (2048K), 2 survivors (2048K)
 Metaspace       used 6769K, capacity 7001K, committed 7168K, reserved 1056768K
  class space    used 584K, capacity 650K, committed 768K, reserved 1048576K
}
Event: 1.731 GC heap before
{Heap before GC invocations=1 (full 0):
 garbage-first heap   total 131072K, used 19143K [0x0000000080000000, 0x0000000100000000)
  region size 1024K, 13 young (13312K), 2 survivors (2048K)
 Metaspace       used 10221K, capacity 10437K, committed 10624K, reserved 1058816K
  class space    used 1065K, capacity 1139K, committed 1152K, reserved 1048576K
}
Event: 1.736 GC heap after
{Heap after GC invocations=2 (full 0):
 garbage-first heap   total 131072K, used 9367K [0x0000000080000000, 0x0000000100000000)
  region size 1024K, 2 young (2048K), 2 survivors (2048K)
 Metaspace       used 10221K, capacity 10437K, committed 10624K, reserved 1058816K
  class space    used 1065K, capacity 1139K, committed 1152K, reserved 1048576K
}
Event: 2.201 GC heap before
{Heap before GC invocations=2 (full 0):
 garbage-first heap   total 131072K, used 37015K [0x0000000080000000, 0x0000000100000000)
  region size 1024K, 29 young (29696K), 2 survivors (2048K)
 Metaspace       used 11165K, capacity 11454K, committed 11520K, reserved 1058816K
  class space    used 1167K, capacity 1243K, committed 1280K, reserved 1048576K
}
Event: 2.207 GC heap after
{Heap after GC invocations=3 (full 0):
 garbage-first heap   total 131072K, used 12126K [0x0000000080000000, 0x0000000100000000)
  region size 1024K, 3 young (3072K), 3 survivors (3072K)
 Metaspace       used 11165K, capacity 11454K, committed 11520K, reserved 1058816K
  class space    used 1167K, capacity 1243K, committed 1280K, reserved 1048576K
}
Event: 3.964 GC heap before
{Heap before GC invocations=3 (full 0):
 garbage-first heap   total 131072K, used 64350K [0x0000000080000000, 0x0000000100000000)
  region size 1024K, 54 young (55296K), 3 survivors (3072K)
 Metaspace       used 19008K, capacity 19440K, committed 19584K, reserved 1067008K
  class space    used 2283K, capacity 2407K, committed 2432K, reserved 1048576K
}
Event: 3.977 GC heap after
{Heap after GC invocations=4 (full 0):
 garbage-first heap   total 131072K, used 16003K [0x0000000080000000, 0x0000000100000000)
  region size 1024K, 7 young (7168K), 7 survivors (7168K)
 Metaspace       used 19008K, capacity 19440K, committed 19584K, reserved 1067008K
  class space    used 2283K, capacity 2407K, committed 2432K, reserved 1048576K
}
Event: 4.202 GC heap before
{Heap before GC invocations=4 (full 0):
 garbage-first heap   total 131072K, used 29315K [0x0000000080000000, 0x0000000100000000)
  region size 1024K, 21 young (21504K), 7 survivors (7168K)
 Metaspace       used 20615K, capacity 21109K, committed 21248K, reserved 1067008K
  class space    used 2508K, capacity 2692K, committed 2816K, reserved 1048576K
}
Event: 4.216 GC heap after
{Heap after GC invocations=5 (full 0):
 garbage-first heap   total 131072K, used 16794K [0x0000000080000000, 0x0000000100000000)
  region size 1024K, 1 young (1024K), 1 survivors (1024K)
 Metaspace       used 20615K, capacity 21109K, committed 21248K, reserved 1067008K
  class space    used 2508K, capacity 2692K, committed 2816K, reserved 1048576K
}
Event: 5.262 GC heap before
{Heap before GC invocations=6 (full 0):
 garbage-first heap   total 131072K, used 63898K [0x0000000080000000, 0x0000000100000000)
  region size 1024K, 47 young (48128K), 1 survivors (1024K)
 Metaspace       used 25465K, capacity 26115K, committed 26368K, reserved 1073152K
  class space    used 3310K, capacity 3536K, committed 3584K, reserved 1048576K
}
Event: 5.272 GC heap after
{Heap after GC invocations=7 (full 0):
 garbage-first heap   total 157696K, used 18200K [0x0000000080000000, 0x0000000100000000)
  region size 1024K, 3 young (3072K), 3 survivors (3072K)
 Metaspace       used 25465K, capacity 26115K, committed 26368K, reserved 1073152K
  class space    used 3310K, capacity 3536K, committed 3584K, reserved 1048576K
}
Event: 6.843 GC heap before
{Heap before GC invocations=7 (full 0):
 garbage-first heap   total 157696K, used 77592K [0x0000000080000000, 0x0000000100000000)
  region size 1024K, 61 young (62464K), 3 survivors (3072K)
 Metaspace       used 34319K, capacity 35087K, committed 35328K, reserved 1079296K
  class space    used 4465K, capacity 4764K, committed 4864K, reserved 1048576K
}
Event: 6.857 GC heap after
{Heap after GC invocations=8 (full 0):
 garbage-first heap   total 157696K, used 21574K [0x0000000080000000, 0x0000000100000000)
  region size 1024K, 6 young (6144K), 6 survivors (6144K)
 Metaspace       used 34319K, capacity 35087K, committed 35328K, reserved 1079296K
  class space    used 4465K, capacity 4764K, committed 4864K, reserved 1048576K
}
Event: 6.943 GC heap before
{Heap before GC invocations=8 (full 0):
 garbage-first heap   total 157696K, used 24646K [0x0000000080000000, 0x0000000100000000)
  region size 1024K, 10 young (10240K), 6 survivors (6144K)
 Metaspace       used 34979K, capacity 35747K, committed 35840K, reserved 1081344K
  class space    used 4548K, capacity 4834K, committed 4864K, reserved 1048576K
}
Event: 6.958 GC heap after
{Heap after GC invocations=9 (full 0):
 garbage-first heap   total 157696K, used 22941K [0x0000000080000000, 0x0000000100000000)
  region size 1024K, 7 young (7168K), 7 survivors (7168K)
 Metaspace       used 34979K, capacity 35747K, committed 35840K, reserved 1081344K
  class space    used 4548K, capacity 4834K, committed 4864K, reserved 1048576K
}
Event: 8.796 GC heap before
{Heap before GC invocations=10 (full 0):
 garbage-first heap   total 157696K, used 95645K [0x0000000080000000, 0x0000000100000000)
  region size 1024K, 75 young (76800K), 7 survivors (7168K)
 Metaspace       used 40252K, capacity 41178K, committed 41344K, reserved 1085440K
  class space    used 5169K, capacity 5502K, committed 5504K, reserved 1048576K
}
Event: 8.821 GC heap after
{Heap after GC invocations=11 (full 0):
 garbage-first heap   total 157696K, used 27241K [0x0000000080000000, 0x0000000100000000)
  region size 1024K, 9 young (9216K), 9 survivors (9216K)
 Metaspace       used 40252K, capacity 41178K, committed 41344K, reserved 1085440K
  class space    used 5169K, capacity 5502K, committed 5504K, reserved 1048576K
}
Event: 13.583 GC heap before
{Heap before GC invocations=11 (full 0):
 garbage-first heap   total 157696K, used 100969K [0x0000000080000000, 0x0000000100000000)
  region size 1024K, 81 young (82944K), 9 survivors (9216K)
 Metaspace       used 46530K, capacity 47703K, committed 47872K, reserved 1091584K
  class space    used 5958K, capacity 6399K, committed 6400K, reserved 1048576K
}
Event: 13.609 GC heap after
{Heap after GC invocations=12 (full 0):
 garbage-first heap   total 189440K, used 29359K [0x0000000080000000, 0x0000000100000000)
  region size 1024K, 8 young (8192K), 8 survivors (8192K)
 Metaspace       used 46530K, capacity 47703K, committed 47872K, reserved 1091584K
  class space    used 5958K, capacity 6399K, committed 6400K, reserved 1048576K
}

